# JRE version: OpenJDK Runtime Environment Temurin-17.0.7+7 (17.0.7+7) (build 17.0.7+7)
# Java VM: OpenJDK 64-Bit Server VM Temurin-17.0.7+7 (17.0.7+7, mixed mode, emulated-client, tiered, compressed oops, compressed class ptrs, g1 gc, windows-amd64)
GC Precious Log:
 CPUs: 4 total, 4 available
 Memory: 8191M
 Large Page Support: Disabled
 NUMA Support: Disabled
 Compressed Oops: Enabled (32-bit)
 Heap Region Size: 1M
 Heap Min Capacity: 8M
 Heap Initial Capacity: 128M
 Heap Max Capacity: 1G
 Pre-touch: Disabled
 Parallel Workers: 4
 Concurrent Workers: 1
 Concurrent Refinement Workers: 4
 Periodic GC: Disabled
Heap:
 garbage-first heap   total 58368K, used 18177K [0x00000000c0000000, 0x0000000100000000)
  region size 1024K, 1 young (1024K), 0 survivors (0K)
 Metaspace       used 37118K, committed 37632K, reserved 1114112K
  class space    used 4807K, committed 4992K, reserved 1048576K
GC Heap History (20 events):
Event: 1388.254 GC heap before
{Heap before GC invocations=140 (full 129):
 garbage-first heap   total 58368K, used 18177K [0x00000000c0000000, 0x0000000100000000)
  region size 1024K, 1 young (1024K), 0 survivors (0K)
 Metaspace       used 37118K, committed 37632K, reserved 1114112K
  class space    used 4807K, committed 4992K, reserved 1048576K
}
Event: 1388.274 GC heap after
{Heap after GC invocations=141 (full 130):
 garbage-first heap   total 58368K, used 18177K [0x00000000c0000000, 0x0000000100000000)
  region size 1024K, 0 young (0K), 0 survivors (0K)
 Metaspace       used 37118K, committed 37632K, reserved 1114112K
  class space    used 4807K, committed 4992K, reserved 1048576K
}
Event: 1398.525 GC heap before
{Heap before GC invocations=141 (full 130):
 garbage-first heap   total 58368K, used 18177K [0x00000000c0000000, 0x0000000100000000)
  region size 1024K, 1 young (1024K), 0 survivors (0K)
 Metaspace       used 37118K, committed 37632K, reserved 1114112K
  class space    used 4807K, committed 4992K, reserved 1048576K
}
Event: 1398.544 GC heap after
{Heap after GC invocations=142 (full 131):
 garbage-first heap   total 58368K, used 18177K [0x00000000c0000000, 0x0000000100000000)
  region size 1024K, 0 young (0K), 0 survivors (0K)
 Metaspace       used 37118K, committed 37632K, reserved 1114112K
  class space    used 4807K, committed 4992K, reserved 1048576K
}
Event: 1408.829 GC heap before
{Heap before GC invocations=142 (full 131):
 garbage-first heap   total 58368K, used 18177K [0x00000000c0000000, 0x0000000100000000)
  region size 1024K, 1 young (1024K), 0 survivors (0K)
 Metaspace       used 37118K, committed 37632K, reserved 1114112K
  class space    used 4807K, committed 4992K, reserved 1048576K
}
Event: 1408.849 GC heap after
{Heap after GC invocations=143 (full 132):
 garbage-first heap   total 58368K, used 18177K [0x00000000c0000000, 0x0000000100000000)
  region size 1024K, 0 young (0K), 0 survivors (0K)
 Metaspace       used 37118K, committed 37632K, reserved 1114112K
  class space    used 4807K, committed 4992K, reserved 1048576K
}
Event: 1419.108 GC heap before
{Heap before GC invocations=143 (full 132):
 garbage-first heap   total 58368K, used 18177K [0x00000000c0000000, 0x0000000100000000)
  region size 1024K, 1 young (1024K), 0 survivors (0K)
 Metaspace       used 37118K, committed 37632K, reserved 1114112K
  class space    used 4807K, committed 4992K, reserved 1048576K
}
Event: 1419.127 GC heap after
{Heap after GC invocations=144 (full 133):
 garbage-first heap   total 58368K, used 18177K [0x00000000c0000000, 0x0000000100000000)
  region size 1024K, 0 young (0K), 0 survivors (0K)
 Metaspace       used 37118K, committed 37632K, reserved 1114112K
  class space    used 4807K, committed 4992K, reserved 1048576K
}
Event: 1429.410 GC heap before
{Heap before GC invocations=144 (full 133):
 garbage-first heap   total 58368K, used 18177K [0x00000000c0000000, 0x0000000100000000)
  region size 1024K, 1 young (1024K), 0 survivors (0K)
 Metaspace       used 37118K, committed 37632K, reserved 1114112K
  class space    used 4807K, committed 4992K, reserved 1048576K
}
Event: 1429.432 GC heap after
{Heap after GC invocations=145 (full 134):
 garbage-first heap   total 58368K, used 18177K [0x00000000c0000000, 0x0000000100000000)
  region size 1024K, 0 young (0K), 0 survivors (0K)
 Metaspace       used 37118K, committed 37632K, reserved 1114112K
  class space    used 4807K, committed 4992K, reserved 1048576K
}
Event: 1439.685 GC heap before
{Heap before GC invocations=145 (full 134):
 garbage-first heap   total 58368K, used 18177K [0x00000000c0000000, 0x0000000100000000)
  region size 1024K, 1 young (1024K), 0 survivors (0K)
 Metaspace       used 37118K, committed 37632K, reserved 1114112K
  class space    used 4807K, committed 4992K, reserved 1048576K
}
Event: 1439.704 GC heap after
{Heap after GC invocations=146 (full 135):
 garbage-first heap   total 58368K, used 18177K [0x00000000c0000000, 0x0000000100000000)
  region size 1024K, 0 young (0K), 0 survivors (0K)
 Metaspace       used 37118K, committed 37632K, reserved 1114112K
  class space    used 4807K, committed 4992K, reserved 1048576K
}
Event: 1449.969 GC heap before
{Heap before GC invocations=146 (full 135):
 garbage-first heap   total 58368K, used 18177K [0x00000000c0000000, 0x0000000100000000)
  region size 1024K, 1 young (1024K), 0 survivors (0K)
 Metaspace       used 37118K, committed 37632K, reserved 1114112K
  class space    used 4807K, committed 4992K, reserved 1048576K
}
Event: 1449.988 GC heap after
{Heap after GC invocations=147 (full 136):
 garbage-first heap   total 58368K, used 18177K [0x00000000c0000000, 0x0000000100000000)
  region size 1024K, 0 young (0K), 0 survivors (0K)
 Metaspace       used 37118K, committed 37632K, reserved 1114112K
  class space    used 4807K, committed 4992K, reserved 1048576K
}
Event: 1460.241 GC heap before
{Heap before GC invocations=147 (full 136):
 garbage-first heap   total 58368K, used 18177K [0x00000000c0000000, 0x0000000100000000)
  region size 1024K, 1 young (1024K), 0 survivors (0K)
 Metaspace       used 37118K, committed 37632K, reserved 1114112K
  class space    used 4807K, committed 4992K, reserved 1048576K
}
Event: 1460.260 GC heap after
{Heap after GC invocations=148 (full 137):
 garbage-first heap   total 58368K, used 18177K [0x00000000c0000000, 0x0000000100000000)
  region size 1024K, 0 young (0K), 0 survivors (0K)
 Metaspace       used 37118K, committed 37632K, reserved 1114112K
  class space    used 4807K, committed 4992K, reserved 1048576K
}
Event: 1470.518 GC heap before
{Heap before GC invocations=148 (full 137):
 garbage-first heap   total 58368K, used 18177K [0x00000000c0000000, 0x0000000100000000)
  region size 1024K, 1 young (1024K), 0 survivors (0K)
 Metaspace       used 37118K, committed 37632K, reserved 1114112K
  class space    used 4807K, committed 4992K, reserved 1048576K
}
Event: 1470.537 GC heap after
{Heap after GC invocations=149 (full 138):
 garbage-first heap   total 58368K, used 18177K [0x00000000c0000000, 0x0000000100000000)
  region size 1024K, 0 young (0K), 0 survivors (0K)
 Metaspace       used 37118K, committed 37632K, reserved 1114112K
  class space    used 4807K, committed 4992K, reserved 1048576K
}
Event: 1480.836 GC heap before
{Heap before GC invocations=149 (full 138):
 garbage-first heap   total 58368K, used 18177K [0x00000000c0000000, 0x0000000100000000)
  region size 1024K, 1 young (1024K), 0 survivors (0K)
 Metaspace       used 37118K, committed 37632K, reserved 1114112K
  class space    used 4807K, committed 4992K, reserved 1048576K
}
Event: 1480.856 GC heap after
{Heap after GC invocations=150 (full 139):
 garbage-first heap   total 58368K, used 18177K [0x00000000c0000000, 0x0000000100000000)
  region size 1024K, 0 young (0K), 0 survivors (0K)
 Metaspace       used 37118K, committed 37632K, reserved 1114112K
  class space    used 4807K, committed 4992K, reserved 1048576K
}

