# JRE version: OpenJDK Runtime Environment Temurin-17.0.7+7 (17.0.7+7) (build 17.0.7+7)
# Java VM: OpenJDK 64-Bit Server VM Temurin-17.0.7+7 (17.0.7+7, mixed mode, emulated-client, tiered, compressed oops, compressed class ptrs, g1 gc, windows-amd64)
GC Precious Log:
 CPUs: 4 total, 4 available
 Memory: 8191M
 Large Page Support: Disabled
 NUMA Support: Disabled
 Compressed Oops: Enabled (32-bit)
 Heap Region Size: 1M
 Heap Min Capacity: 8M
 Heap Initial Capacity: 128M
 Heap Max Capacity: 1G
 Pre-touch: Disabled
 Parallel Workers: 4
 Concurrent Workers: 1
 Concurrent Refinement Workers: 4
 Periodic GC: Disabled
Heap:
 garbage-first heap   total 327680K, used 97212K [0x00000000c0000000, 0x0000000100000000)
  region size 1024K, 1 young (1024K), 0 survivors (0K)
 Metaspace       used 74493K, committed 75008K, reserved 1114112K
  class space    used 10183K, committed 10432K, reserved 1048576K
GC Heap History (20 events):
Event: 10807.753 GC heap before
{Heap before GC invocations=1210 (full 1001):
 garbage-first heap   total 327680K, used 97212K [0x00000000c0000000, 0x0000000100000000)
  region size 1024K, 1 young (1024K), 0 survivors (0K)
 Metaspace       used 74493K, committed 75008K, reserved 1114112K
  class space    used 10183K, committed 10432K, reserved 1048576K
}
Event: 10807.818 GC heap after
{Heap after GC invocations=1211 (full 1002):
 garbage-first heap   total 327680K, used 97212K [0x00000000c0000000, 0x0000000100000000)
  region size 1024K, 0 young (0K), 0 survivors (0K)
 Metaspace       used 74493K, committed 75008K, reserved 1114112K
  class space    used 10183K, committed 10432K, reserved 1048576K
}
Event: 10818.082 GC heap before
{Heap before GC invocations=1211 (full 1002):
 garbage-first heap   total 327680K, used 97212K [0x00000000c0000000, 0x0000000100000000)
  region size 1024K, 1 young (1024K), 0 survivors (0K)
 Metaspace       used 74493K, committed 75008K, reserved 1114112K
  class space    used 10183K, committed 10432K, reserved 1048576K
}
Event: 10818.148 GC heap after
{Heap after GC invocations=1212 (full 1003):
 garbage-first heap   total 327680K, used 97212K [0x00000000c0000000, 0x0000000100000000)
  region size 1024K, 0 young (0K), 0 survivors (0K)
 Metaspace       used 74493K, committed 75008K, reserved 1114112K
  class space    used 10183K, committed 10432K, reserved 1048576K
}
Event: 10828.403 GC heap before
{Heap before GC invocations=1212 (full 1003):
 garbage-first heap   total 327680K, used 97212K [0x00000000c0000000, 0x0000000100000000)
  region size 1024K, 1 young (1024K), 0 survivors (0K)
 Metaspace       used 74493K, committed 75008K, reserved 1114112K
  class space    used 10183K, committed 10432K, reserved 1048576K
}
Event: 10828.468 GC heap after
{Heap after GC invocations=1213 (full 1004):
 garbage-first heap   total 327680K, used 97212K [0x00000000c0000000, 0x0000000100000000)
  region size 1024K, 0 young (0K), 0 survivors (0K)
 Metaspace       used 74493K, committed 75008K, reserved 1114112K
  class space    used 10183K, committed 10432K, reserved 1048576K
}
Event: 10838.722 GC heap before
{Heap before GC invocations=1213 (full 1004):
 garbage-first heap   total 327680K, used 97212K [0x00000000c0000000, 0x0000000100000000)
  region size 1024K, 1 young (1024K), 0 survivors (0K)
 Metaspace       used 74493K, committed 75008K, reserved 1114112K
  class space    used 10183K, committed 10432K, reserved 1048576K
}
Event: 10838.786 GC heap after
{Heap after GC invocations=1214 (full 1005):
 garbage-first heap   total 327680K, used 97212K [0x00000000c0000000, 0x0000000100000000)
  region size 1024K, 0 young (0K), 0 survivors (0K)
 Metaspace       used 74493K, committed 75008K, reserved 1114112K
  class space    used 10183K, committed 10432K, reserved 1048576K
}
Event: 10849.045 GC heap before
{Heap before GC invocations=1214 (full 1005):
 garbage-first heap   total 327680K, used 97212K [0x00000000c0000000, 0x0000000100000000)
  region size 1024K, 1 young (1024K), 0 survivors (0K)
 Metaspace       used 74493K, committed 75008K, reserved 1114112K
  class space    used 10183K, committed 10432K, reserved 1048576K
}
Event: 10849.110 GC heap after
{Heap after GC invocations=1215 (full 1006):
 garbage-first heap   total 327680K, used 97212K [0x00000000c0000000, 0x0000000100000000)
  region size 1024K, 0 young (0K), 0 survivors (0K)
 Metaspace       used 74493K, committed 75008K, reserved 1114112K
  class space    used 10183K, committed 10432K, reserved 1048576K
}
Event: 10859.362 GC heap before
{Heap before GC invocations=1215 (full 1006):
 garbage-first heap   total 327680K, used 97212K [0x00000000c0000000, 0x0000000100000000)
  region size 1024K, 1 young (1024K), 0 survivors (0K)
 Metaspace       used 74493K, committed 75008K, reserved 1114112K
  class space    used 10183K, committed 10432K, reserved 1048576K
}
Event: 10859.422 GC heap after
{Heap after GC invocations=1216 (full 1007):
 garbage-first heap   total 327680K, used 97212K [0x00000000c0000000, 0x0000000100000000)
  region size 1024K, 0 young (0K), 0 survivors (0K)
 Metaspace       used 74493K, committed 75008K, reserved 1114112K
  class space    used 10183K, committed 10432K, reserved 1048576K
}
Event: 10869.682 GC heap before
{Heap before GC invocations=1216 (full 1007):
 garbage-first heap   total 327680K, used 97212K [0x00000000c0000000, 0x0000000100000000)
  region size 1024K, 1 young (1024K), 0 survivors (0K)
 Metaspace       used 74493K, committed 75008K, reserved 1114112K
  class space    used 10183K, committed 10432K, reserved 1048576K
}
Event: 10869.741 GC heap after
{Heap after GC invocations=1217 (full 1008):
 garbage-first heap   total 327680K, used 97212K [0x00000000c0000000, 0x0000000100000000)
  region size 1024K, 0 young (0K), 0 survivors (0K)
 Metaspace       used 74493K, committed 75008K, reserved 1114112K
  class space    used 10183K, committed 10432K, reserved 1048576K
}
Event: 10880.018 GC heap before
{Heap before GC invocations=1217 (full 1008):
 garbage-first heap   total 327680K, used 97212K [0x00000000c0000000, 0x0000000100000000)
  region size 1024K, 1 young (1024K), 0 survivors (0K)
 Metaspace       used 74493K, committed 75008K, reserved 1114112K
  class space    used 10183K, committed 10432K, reserved 1048576K
}
Event: 10880.079 GC heap after
{Heap after GC invocations=1218 (full 1009):
 garbage-first heap   total 327680K, used 97212K [0x00000000c0000000, 0x0000000100000000)
  region size 1024K, 0 young (0K), 0 survivors (0K)
 Metaspace       used 74493K, committed 75008K, reserved 1114112K
  class space    used 10183K, committed 10432K, reserved 1048576K
}
Event: 10890.355 GC heap before
{Heap before GC invocations=1218 (full 1009):
 garbage-first heap   total 327680K, used 97212K [0x00000000c0000000, 0x0000000100000000)
  region size 1024K, 1 young (1024K), 0 survivors (0K)
 Metaspace       used 74493K, committed 75008K, reserved 1114112K
  class space    used 10183K, committed 10432K, reserved 1048576K
}
Event: 10890.433 GC heap after
{Heap after GC invocations=1219 (full 1010):
 garbage-first heap   total 327680K, used 97212K [0x00000000c0000000, 0x0000000100000000)
  region size 1024K, 0 young (0K), 0 survivors (0K)
 Metaspace       used 74493K, committed 75008K, reserved 1114112K
  class space    used 10183K, committed 10432K, reserved 1048576K
}
Event: 10900.681 GC heap before
{Heap before GC invocations=1219 (full 1010):
 garbage-first heap   total 327680K, used 97212K [0x00000000c0000000, 0x0000000100000000)
  region size 1024K, 1 young (1024K), 0 survivors (0K)
 Metaspace       used 74493K, committed 75008K, reserved 1114112K
  class space    used 10183K, committed 10432K, reserved 1048576K
}
Event: 10900.747 GC heap after
{Heap after GC invocations=1220 (full 1011):
 garbage-first heap   total 327680K, used 97212K [0x00000000c0000000, 0x0000000100000000)
  region size 1024K, 0 young (0K), 0 survivors (0K)
 Metaspace       used 74493K, committed 75008K, reserved 1114112K
  class space    used 10183K, committed 10432K, reserved 1048576K
}

